Build started 6/25/2016 11:52:40 PM.
     1>Project "D:\BSCS (SEECS)\2nd Semester\BSCS-5A\Object Oriented Programing (OOP)\Project\Monopoly Project\Monopoly Project\Monopoly Project.vcxproj" on node 2 (Rebuild target(s)).
     1>ClCompile:
         C:\Program Files (x86)\Microsoft Visual Studio 12.0\VC\bin\CL.exe /c /I"D:\BSCS (SEECS)\2nd Semester\BSCS-5A\Object Oriented Programing (OOP)\Project\Monopoly Project\\include" /ZI /nologo /W3 /WX- /sdl /Od /Oy- /D _MBCS /Gm /EHsc /RTC1 /MDd /GS /fp:precise /Zc:wchar_t /Zc:forScope /Fo"Debug\\" /Fd"Debug\vc120.pdb" /Gd /TP /analyze- /errorReport:prompt Source.cpp
         Source.cpp
     1>d:\bscs (seecs)\2nd semester\bscs-5a\object oriented programing (oop)\project\monopoly project\include\basic.h(18): warning C4244: 'initializing' : conversion from 'int' to 'float', possible loss of data
     1>d:\bscs (seecs)\2nd semester\bscs-5a\object oriented programing (oop)\project\monopoly project\include\basic.h(19): warning C4244: 'initializing' : conversion from 'int' to 'float', possible loss of data
     1>d:\bscs (seecs)\2nd semester\bscs-5a\object oriented programing (oop)\project\monopoly project\include\basic.h(20): warning C4244: 'initializing' : conversion from 'int' to 'float', possible loss of data
     1>d:\bscs (seecs)\2nd semester\bscs-5a\object oriented programing (oop)\project\monopoly project\include\basic.h(21): warning C4244: 'initializing' : conversion from 'int' to 'float', possible loss of data
     1>d:\bscs (seecs)\2nd semester\bscs-5a\object oriented programing (oop)\project\monopoly project\include\basic.h(56): warning C4244: 'argument' : conversion from 'float' to 'unsigned int', possible loss of data
     1>d:\bscs (seecs)\2nd semester\bscs-5a\object oriented programing (oop)\project\monopoly project\include\basic.h(60): warning C4244: 'argument' : conversion from 'double' to 'float', possible loss of data
     1>d:\bscs (seecs)\2nd semester\bscs-5a\object oriented programing (oop)\project\monopoly project\include\basic.h(61): warning C4244: 'argument' : conversion from 'double' to 'float', possible loss of data
     1>d:\bscs (seecs)\2nd semester\bscs-5a\object oriented programing (oop)\project\monopoly project\monopoly project\source.cpp(47): warning C4244: 'argument' : conversion from 'double' to 'float', possible loss of data
     1>d:\bscs (seecs)\2nd semester\bscs-5a\object oriented programing (oop)\project\monopoly project\monopoly project\source.cpp(49): warning C4244: 'argument' : conversion from 'double' to 'float', possible loss of data
     1>d:\bscs (seecs)\2nd semester\bscs-5a\object oriented programing (oop)\project\monopoly project\monopoly project\source.cpp(53): warning C4244: 'argument' : conversion from 'double' to 'float', possible loss of data
     1>d:\bscs (seecs)\2nd semester\bscs-5a\object oriented programing (oop)\project\monopoly project\monopoly project\source.cpp(56): warning C4244: 'argument' : conversion from 'double' to 'float', possible loss of data
     1>d:\bscs (seecs)\2nd semester\bscs-5a\object oriented programing (oop)\project\monopoly project\monopoly project\source.cpp(57): warning C4244: 'argument' : conversion from 'double' to 'float', possible loss of data
     1>d:\bscs (seecs)\2nd semester\bscs-5a\object oriented programing (oop)\project\monopoly project\monopoly project\source.cpp(58): warning C4244: 'argument' : conversion from 'double' to 'float', possible loss of data
     1>d:\bscs (seecs)\2nd semester\bscs-5a\object oriented programing (oop)\project\monopoly project\monopoly project\source.cpp(59): warning C4244: 'argument' : conversion from 'double' to 'float', possible loss of data
     1>d:\bscs (seecs)\2nd semester\bscs-5a\object oriented programing (oop)\project\monopoly project\monopoly project\source.cpp(60): warning C4244: 'argument' : conversion from 'double' to 'float', possible loss of data
     1>d:\bscs (seecs)\2nd semester\bscs-5a\object oriented programing (oop)\project\monopoly project\monopoly project\source.cpp(61): warning C4244: 'argument' : conversion from 'double' to 'float', possible loss of data
     1>d:\bscs (seecs)\2nd semester\bscs-5a\object oriented programing (oop)\project\monopoly project\monopoly project\source.cpp(62): warning C4244: 'argument' : conversion from 'double' to 'float', possible loss of data
     1>d:\bscs (seecs)\2nd semester\bscs-5a\object oriented programing (oop)\project\monopoly project\monopoly project\source.cpp(63): warning C4244: 'argument' : conversion from 'double' to 'float', possible loss of data
     1>d:\bscs (seecs)\2nd semester\bscs-5a\object oriented programing (oop)\project\monopoly project\monopoly project\source.cpp(64): warning C4244: 'argument' : conversion from 'double' to 'float', possible loss of data
     1>d:\bscs (seecs)\2nd semester\bscs-5a\object oriented programing (oop)\project\monopoly project\monopoly project\source.cpp(65): warning C4244: 'argument' : conversion from 'double' to 'float', possible loss of data
     1>d:\bscs (seecs)\2nd semester\bscs-5a\object oriented programing (oop)\project\monopoly project\monopoly project\source.cpp(66): warning C4244: 'argument' : conversion from 'double' to 'float', possible loss of data
     1>d:\bscs (seecs)\2nd semester\bscs-5a\object oriented programing (oop)\project\monopoly project\monopoly project\source.cpp(67): warning C4244: 'argument' : conversion from 'double' to 'float', possible loss of data
     1>d:\bscs (seecs)\2nd semester\bscs-5a\object oriented programing (oop)\project\monopoly project\monopoly project\source.cpp(68): warning C4244: 'argument' : conversion from 'double' to 'float', possible loss of data
     1>d:\bscs (seecs)\2nd semester\bscs-5a\object oriented programing (oop)\project\monopoly project\monopoly project\source.cpp(69): warning C4244: 'argument' : conversion from 'double' to 'float', possible loss of data
     1>d:\bscs (seecs)\2nd semester\bscs-5a\object oriented programing (oop)\project\monopoly project\monopoly project\source.cpp(70): warning C4244: 'argument' : conversion from 'double' to 'float', possible loss of data
     1>d:\bscs (seecs)\2nd semester\bscs-5a\object oriented programing (oop)\project\monopoly project\monopoly project\source.cpp(71): warning C4244: 'argument' : conversion from 'double' to 'float', possible loss of data
     1>d:\bscs (seecs)\2nd semester\bscs-5a\object oriented programing (oop)\project\monopoly project\monopoly project\source.cpp(72): warning C4244: 'argument' : conversion from 'double' to 'float', possible loss of data
     1>d:\bscs (seecs)\2nd semester\bscs-5a\object oriented programing (oop)\project\monopoly project\monopoly project\source.cpp(73): warning C4244: 'argument' : conversion from 'double' to 'float', possible loss of data
     1>d:\bscs (seecs)\2nd semester\bscs-5a\object oriented programing (oop)\project\monopoly project\monopoly project\source.cpp(74): warning C4244: 'argument' : conversion from 'double' to 'float', possible loss of data
     1>d:\bscs (seecs)\2nd semester\bscs-5a\object oriented programing (oop)\project\monopoly project\monopoly project\source.cpp(75): warning C4244: 'argument' : conversion from 'double' to 'float', possible loss of data
     1>d:\bscs (seecs)\2nd semester\bscs-5a\object oriented programing (oop)\project\monopoly project\monopoly project\source.cpp(76): warning C4244: 'argument' : conversion from 'double' to 'float', possible loss of data
     1>d:\bscs (seecs)\2nd semester\bscs-5a\object oriented programing (oop)\project\monopoly project\monopoly project\source.cpp(77): warning C4244: 'argument' : conversion from 'double' to 'float', possible loss of data
     1>d:\bscs (seecs)\2nd semester\bscs-5a\object oriented programing (oop)\project\monopoly project\monopoly project\source.cpp(78): warning C4244: 'argument' : conversion from 'double' to 'float', possible loss of data
     1>d:\bscs (seecs)\2nd semester\bscs-5a\object oriented programing (oop)\project\monopoly project\monopoly project\source.cpp(79): warning C4244: 'argument' : conversion from 'double' to 'float', possible loss of data
     1>d:\bscs (seecs)\2nd semester\bscs-5a\object oriented programing (oop)\project\monopoly project\monopoly project\source.cpp(80): warning C4244: 'argument' : conversion from 'double' to 'float', possible loss of data
     1>d:\bscs (seecs)\2nd semester\bscs-5a\object oriented programing (oop)\project\monopoly project\monopoly project\source.cpp(81): warning C4244: 'argument' : conversion from 'double' to 'float', possible loss of data
     1>d:\bscs (seecs)\2nd semester\bscs-5a\object oriented programing (oop)\project\monopoly project\monopoly project\source.cpp(82): warning C4244: 'argument' : conversion from 'double' to 'float', possible loss of data
     1>d:\bscs (seecs)\2nd semester\bscs-5a\object oriented programing (oop)\project\monopoly project\monopoly project\source.cpp(161): warning C4244: 'argument' : conversion from 'time_t' to 'unsigned int', possible loss of data
     1>d:\bscs (seecs)\2nd semester\bscs-5a\object oriented programing (oop)\project\monopoly project\monopoly project\source.cpp(167): warning C4244: 'argument' : conversion from 'double' to 'float', possible loss of data
     1>d:\bscs (seecs)\2nd semester\bscs-5a\object oriented programing (oop)\project\monopoly project\monopoly project\source.cpp(171): warning C4244: 'argument' : conversion from 'double' to 'float', possible loss of data
     1>d:\bscs (seecs)\2nd semester\bscs-5a\object oriented programing (oop)\project\monopoly project\monopoly project\source.cpp(175): warning C4244: 'argument' : conversion from 'double' to 'float', possible loss of data
     1>d:\bscs (seecs)\2nd semester\bscs-5a\object oriented programing (oop)\project\monopoly project\monopoly project\source.cpp(182): warning C4244: 'argument' : conversion from 'double' to 'float', possible loss of data
     1>d:\bscs (seecs)\2nd semester\bscs-5a\object oriented programing (oop)\project\monopoly project\monopoly project\source.cpp(184): warning C4244: 'argument' : conversion from 'double' to 'float', possible loss of data
     1>d:\bscs (seecs)\2nd semester\bscs-5a\object oriented programing (oop)\project\monopoly project\monopoly project\source.cpp(186): warning C4244: '=' : conversion from 'float' to 'int', possible loss of data
     1>d:\bscs (seecs)\2nd semester\bscs-5a\object oriented programing (oop)\project\monopoly project\monopoly project\source.cpp(188): warning C4244: '=' : conversion from 'float' to 'int', possible loss of data
     1>d:\bscs (seecs)\2nd semester\bscs-5a\object oriented programing (oop)\project\monopoly project\monopoly project\source.cpp(191): warning C4244: '=' : conversion from 'float' to 'int', possible loss of data
     1>d:\bscs (seecs)\2nd semester\bscs-5a\object oriented programing (oop)\project\monopoly project\monopoly project\source.cpp(192): warning C4244: '=' : conversion from 'float' to 'int', possible loss of data
     1>d:\bscs (seecs)\2nd semester\bscs-5a\object oriented programing (oop)\project\monopoly project\monopoly project\source.cpp(193): warning C4244: '=' : conversion from 'float' to 'int', possible loss of data
     1>d:\bscs (seecs)\2nd semester\bscs-5a\object oriented programing (oop)\project\monopoly project\monopoly project\source.cpp(194): warning C4244: '=' : conversion from 'float' to 'int', possible loss of data
     1>d:\bscs (seecs)\2nd semester\bscs-5a\object oriented programing (oop)\project\monopoly project\monopoly project\source.cpp(195): warning C4244: '=' : conversion from 'double' to 'int', possible loss of data
     1>d:\bscs (seecs)\2nd semester\bscs-5a\object oriented programing (oop)\project\monopoly project\monopoly project\source.cpp(196): warning C4244: '=' : conversion from 'double' to 'int', possible loss of data
     1>d:\bscs (seecs)\2nd semester\bscs-5a\object oriented programing (oop)\project\monopoly project\monopoly project\source.cpp(226): warning C4244: 'argument' : conversion from 'double' to 'float', possible loss of data
     1>d:\bscs (seecs)\2nd semester\bscs-5a\object oriented programing (oop)\project\monopoly project\monopoly project\source.cpp(368): warning C4553: '==' : operator has no effect; did you intend '='?
     1>d:\bscs (seecs)\2nd semester\bscs-5a\object oriented programing (oop)\project\monopoly project\monopoly project\source.cpp(930): warning C4244: 'argument' : conversion from 'double' to 'float', possible loss of data
     1>d:\bscs (seecs)\2nd semester\bscs-5a\object oriented programing (oop)\project\monopoly project\monopoly project\source.cpp(934): warning C4244: 'argument' : conversion from 'double' to 'float', possible loss of data
     1>d:\bscs (seecs)\2nd semester\bscs-5a\object oriented programing (oop)\project\monopoly project\monopoly project\source.cpp(966): warning C4244: 'argument' : conversion from 'int' to 'float', possible loss of data
     1>d:\bscs (seecs)\2nd semester\bscs-5a\object oriented programing (oop)\project\monopoly project\monopoly project\source.cpp(1030): warning C4244: 'argument' : conversion from 'int' to 'float', possible loss of data
     1>d:\bscs (seecs)\2nd semester\bscs-5a\object oriented programing (oop)\project\monopoly project\monopoly project\source.cpp(1107): warning C4244: 'argument' : conversion from 'int' to 'float', possible loss of data
     1>d:\bscs (seecs)\2nd semester\bscs-5a\object oriented programing (oop)\project\monopoly project\monopoly project\source.cpp(2376): warning C4244: 'argument' : conversion from 'double' to 'float', possible loss of data
     1>d:\bscs (seecs)\2nd semester\bscs-5a\object oriented programing (oop)\project\monopoly project\monopoly project\source.cpp(2380): warning C4244: 'argument' : conversion from 'double' to 'float', possible loss of data
     1>d:\bscs (seecs)\2nd semester\bscs-5a\object oriented programing (oop)\project\monopoly project\monopoly project\source.cpp(2412): warning C4244: 'argument' : conversion from 'int' to 'float', possible loss of data
     1>d:\bscs (seecs)\2nd semester\bscs-5a\object oriented programing (oop)\project\monopoly project\monopoly project\source.cpp(2476): warning C4244: 'argument' : conversion from 'int' to 'float', possible loss of data
     1>d:\bscs (seecs)\2nd semester\bscs-5a\object oriented programing (oop)\project\monopoly project\monopoly project\source.cpp(2553): warning C4244: 'argument' : conversion from 'int' to 'float', possible loss of data
     1>d:\bscs (seecs)\2nd semester\bscs-5a\object oriented programing (oop)\project\monopoly project\monopoly project\source.cpp(2934): warning C4244: 'argument' : conversion from 'int' to 'float', possible loss of data
     1>d:\bscs (seecs)\2nd semester\bscs-5a\object oriented programing (oop)\project\monopoly project\monopoly project\source.cpp(2994): warning C4244: 'argument' : conversion from 'int' to 'float', possible loss of data
     1>d:\bscs (seecs)\2nd semester\bscs-5a\object oriented programing (oop)\project\monopoly project\monopoly project\source.cpp(3054): warning C4244: 'argument' : conversion from 'int' to 'float', possible loss of data
     1>d:\bscs (seecs)\2nd semester\bscs-5a\object oriented programing (oop)\project\monopoly project\monopoly project\source.cpp(3113): warning C4244: 'argument' : conversion from 'int' to 'float', possible loss of data
     1>d:\bscs (seecs)\2nd semester\bscs-5a\object oriented programing (oop)\project\monopoly project\monopoly project\source.cpp(3173): warning C4244: 'argument' : conversion from 'int' to 'float', possible loss of data
     1>d:\bscs (seecs)\2nd semester\bscs-5a\object oriented programing (oop)\project\monopoly project\monopoly project\source.cpp(3221): warning C4244: 'argument' : conversion from 'double' to 'float', possible loss of data
     1>d:\bscs (seecs)\2nd semester\bscs-5a\object oriented programing (oop)\project\monopoly project\monopoly project\source.cpp(3225): warning C4244: 'argument' : conversion from 'double' to 'float', possible loss of data
     1>d:\bscs (seecs)\2nd semester\bscs-5a\object oriented programing (oop)\project\monopoly project\monopoly project\source.cpp(3257): warning C4244: 'argument' : conversion from 'int' to 'float', possible loss of data
     1>d:\bscs (seecs)\2nd semester\bscs-5a\object oriented programing (oop)\project\monopoly project\monopoly project\source.cpp(3321): warning C4244: 'argument' : conversion from 'int' to 'float', possible loss of data
     1>d:\bscs (seecs)\2nd semester\bscs-5a\object oriented programing (oop)\project\monopoly project\monopoly project\source.cpp(3398): warning C4244: 'argument' : conversion from 'int' to 'float', possible loss of data
     1>d:\bscs (seecs)\2nd semester\bscs-5a\object oriented programing (oop)\project\monopoly project\monopoly project\source.cpp(4633): warning C4244: 'argument' : conversion from 'double' to 'float', possible loss of data
     1>d:\bscs (seecs)\2nd semester\bscs-5a\object oriented programing (oop)\project\monopoly project\monopoly project\source.cpp(4637): warning C4244: 'argument' : conversion from 'double' to 'float', possible loss of data
     1>d:\bscs (seecs)\2nd semester\bscs-5a\object oriented programing (oop)\project\monopoly project\monopoly project\source.cpp(4669): warning C4244: 'argument' : conversion from 'int' to 'float', possible loss of data
     1>d:\bscs (seecs)\2nd semester\bscs-5a\object oriented programing (oop)\project\monopoly project\monopoly project\source.cpp(4733): warning C4244: 'argument' : conversion from 'int' to 'float', possible loss of data
     1>d:\bscs (seecs)\2nd semester\bscs-5a\object oriented programing (oop)\project\monopoly project\monopoly project\source.cpp(4810): warning C4244: 'argument' : conversion from 'int' to 'float', possible loss of data
     1>d:\bscs (seecs)\2nd semester\bscs-5a\object oriented programing (oop)\project\monopoly project\monopoly project\source.cpp(4898): warning C4244: 'argument' : conversion from 'double' to 'float', possible loss of data
     1>d:\bscs (seecs)\2nd semester\bscs-5a\object oriented programing (oop)\project\monopoly project\monopoly project\source.cpp(4902): warning C4244: 'argument' : conversion from 'double' to 'float', possible loss of data
     1>d:\bscs (seecs)\2nd semester\bscs-5a\object oriented programing (oop)\project\monopoly project\monopoly project\source.cpp(4934): warning C4244: 'argument' : conversion from 'int' to 'float', possible loss of data
     1>d:\bscs (seecs)\2nd semester\bscs-5a\object oriented programing (oop)\project\monopoly project\monopoly project\source.cpp(4998): warning C4244: 'argument' : conversion from 'int' to 'float', possible loss of data
     1>d:\bscs (seecs)\2nd semester\bscs-5a\object oriented programing (oop)\project\monopoly project\monopoly project\source.cpp(5075): warning C4244: 'argument' : conversion from 'int' to 'float', possible loss of data
     1>d:\bscs (seecs)\2nd semester\bscs-5a\object oriented programing (oop)\project\monopoly project\monopoly project\source.cpp(5699): warning C4244: 'argument' : conversion from 'int' to 'float', possible loss of data
     1>d:\bscs (seecs)\2nd semester\bscs-5a\object oriented programing (oop)\project\monopoly project\monopoly project\source.cpp(5744): warning C4244: 'argument' : conversion from 'int' to 'float', possible loss of data
     1>d:\bscs (seecs)\2nd semester\bscs-5a\object oriented programing (oop)\project\monopoly project\monopoly project\source.cpp(489): warning C4715: 'playerC::selectT' : not all control paths return a value
       Link:
         C:\Program Files (x86)\Microsoft Visual Studio 12.0\VC\bin\link.exe /ERRORREPORT:PROMPT /OUT:"D:\BSCS (SEECS)\2nd Semester\BSCS-5A\Object Oriented Programing (OOP)\Project\Monopoly Project\Debug\Monopoly Project.exe" /INCREMENTAL /NOLOGO /LIBPATH:"D:\BSCS (SEECS)\2nd Semester\BSCS-5A\Object Oriented Programing (OOP)\Project\Monopoly Project\\lib" "sfml-graphics-d.lib" "sfml-window-d.lib" "sfml-system-d.lib" opengl32.lib "sfml-audio-d.lib" kernel32.lib user32.lib gdi32.lib winspool.lib comdlg32.lib advapi32.lib shell32.lib ole32.lib oleaut32.lib uuid.lib odbc32.lib odbccp32.lib /MANIFEST /MANIFESTUAC:"level='asInvoker' uiAccess='false'" /manifest:embed /DEBUG /PDB:"D:\BSCS (SEECS)\2nd Semester\BSCS-5A\Object Oriented Programing (OOP)\Project\Monopoly Project\Debug\Monopoly Project.pdb" /TLBID:1 /DYNAMICBASE /NXCOMPAT /IMPLIB:"D:\BSCS (SEECS)\2nd Semester\BSCS-5A\Object Oriented Programing (OOP)\Project\Monopoly Project\Debug\Monopoly Project.lib" /MACHINE:X86 Debug\Source.obj
         Monopoly Project.vcxproj -> D:\BSCS (SEECS)\2nd Semester\BSCS-5A\Object Oriented Programing (OOP)\Project\Monopoly Project\Debug\Monopoly Project.exe
     1>Done Building Project "D:\BSCS (SEECS)\2nd Semester\BSCS-5A\Object Oriented Programing (OOP)\Project\Monopoly Project\Monopoly Project\Monopoly Project.vcxproj" (Rebuild target(s)).

Build succeeded.

Time Elapsed 00:00:02.33
